!SESSION 2016-05-10 08:53:22.642 -----------------------------------------------
eclipse.buildId=4.5.2.M20160212-1500
java.version=1.8.0_91
java.vendor=Oracle Corporation
BootLoader constants: OS=linux, ARCH=x86_64, WS=gtk, NL=en_US

!ENTRY org.eclipse.osgi 4 0 2016-05-10 08:53:23.410
!MESSAGE Error reading configuration: /home/daniele/Desktop/openwsn-coap/IDE/eclipse/configuration/org.eclipse.osgi/.manager/.fileTableLock (Permission denied)
!STACK 0
java.io.FileNotFoundException: /home/daniele/Desktop/openwsn-coap/IDE/eclipse/configuration/org.eclipse.osgi/.manager/.fileTableLock (Permission denied)
	at java.io.RandomAccessFile.open0(Native Method)
	at java.io.RandomAccessFile.open(RandomAccessFile.java:316)
	at java.io.RandomAccessFile.<init>(RandomAccessFile.java:243)
	at org.eclipse.osgi.internal.location.Locker_JavaNio.lock(Locker_JavaNio.java:36)
	at org.eclipse.osgi.storagemanager.StorageManager.lock(StorageManager.java:388)
	at org.eclipse.osgi.storagemanager.StorageManager.open(StorageManager.java:701)
	at org.eclipse.osgi.storage.Storage.getChildStorageManager(Storage.java:1768)
	at org.eclipse.osgi.storage.Storage.getInfoInputStream(Storage.java:1785)
	at org.eclipse.osgi.storage.Storage.<init>(Storage.java:128)
	at org.eclipse.osgi.storage.Storage.createStorage(Storage.java:87)
	at org.eclipse.osgi.internal.framework.EquinoxContainer.<init>(EquinoxContainer.java:75)
	at org.eclipse.osgi.launch.Equinox.<init>(Equinox.java:31)
	at org.eclipse.core.runtime.adaptor.EclipseStarter.startup(EclipseStarter.java:295)
	at org.eclipse.core.runtime.adaptor.EclipseStarter.run(EclipseStarter.java:231)
	at sun.reflect.NativeMethodAccessorImpl.invoke0(Native Method)
	at sun.reflect.NativeMethodAccessorImpl.invoke(NativeMethodAccessorImpl.java:62)
	at sun.reflect.DelegatingMethodAccessorImpl.invoke(DelegatingMethodAccessorImpl.java:43)
	at java.lang.reflect.Method.invoke(Method.java:498)
	at org.eclipse.equinox.launcher.Main.invokeFramework(Main.java:669)
	at org.eclipse.equinox.launcher.Main.basicRun(Main.java:608)
	at org.eclipse.equinox.launcher.Main.run(Main.java:1515)
	at org.eclipse.equinox.launcher.Main.main(Main.java:1488)
